[debug] [2023-06-03T00:10:44.201Z] ----------------------------------------------------------------------
[debug] [2023-06-03T00:10:44.203Z] Command:       C:\Program Files\nodejs\node.exe C:\Users\lgrau\AppData\Roaming\npm\node_modules\firebase-tools\lib\bin\firebase.js init
[debug] [2023-06-03T00:10:44.204Z] CLI Version:   12.3.0
[debug] [2023-06-03T00:10:44.204Z] Platform:      win32
[debug] [2023-06-03T00:10:44.205Z] Node Version:  v18.16.0
[debug] [2023-06-03T00:10:44.206Z] Time:          Sat Jun 03 2023 02:10:44 GMT+0200 (hora de verano de Europa central)
[debug] [2023-06-03T00:10:44.206Z] ----------------------------------------------------------------------
[debug] 
[debug] [2023-06-03T00:10:44.209Z] >>> [apiv2][query] GET https://firebase-public.firebaseio.com/cli.json [none]
[debug] [2023-06-03T00:10:44.275Z] > command requires scopes: ["email","openid","https://www.googleapis.com/auth/cloudplatformprojects.readonly","https://www.googleapis.com/auth/firebase","https://www.googleapis.com/auth/cloud-platform"]
[debug] [2023-06-03T00:10:44.276Z] > authorizing via signed-in user (lgraul87@gmail.com)
[info] 
     ######## #### ########  ######## ########     ###     ######  ########
     ##        ##  ##     ## ##       ##     ##  ##   ##  ##       ##
     ######    ##  ########  ######   ########  #########  ######  ######
     ##        ##  ##    ##  ##       ##     ## ##     ##       ## ##
     ##       #### ##     ## ######## ########  ##     ##  ######  ########

You're about to initialize a Firebase project in this directory:

  C:\Users\lgrau\Desktop\Daynis\barcelona-manager

[debug] [2023-06-03T00:10:44.631Z] <<< [apiv2][status] GET https://firebase-public.firebaseio.com/cli.json 200
[debug] [2023-06-03T00:10:44.632Z] <<< [apiv2][body] GET https://firebase-public.firebaseio.com/cli.json {"cloudBuildErrorAfter":1594252800000,"cloudBuildWarnAfter":1590019200000,"defaultNode10After":1594252800000,"minVersion":"3.0.5","node8DeploysDisabledAfter":1613390400000,"node8RuntimeDisabledAfter":1615809600000,"node8WarnAfter":1600128000000}
